
        ==========     _____ _    _ ____  _____  ______          _____  
        =====         / ____| |  | |  _ \|  __ \|  ____|   /\   |  __ \ 
          =====      | (___ | |  | | |_) | |__) | |__     /  \  | |  | |
            ====      \___ \| |  | |  _ <|  _  /|  __|   / /\ \ | |  | |
              ====    ____) | |__| | |_) | | \ \| |____ / ____ \| |__| |
        ==========   |_____/ \____/|____/|_|  \_\______/_/    \_\_____/
	  v2.0.1

//========================== featureCounts setting ===========================\\
||                                                                            ||
||             Input files : 1 BAM file                                       ||
||                           o test.paired_end.sorted.bam                     ||
||                                                                            ||
||             Output file : counts.txt                                       ||
||                 Summary : counts.txt.summary                               ||
||              Annotation : genome.gtf (GTF)                                 ||
||      Dir for temp files : ./                                               ||
||                                                                            ||
||                 Threads : 1                                                ||
||                   Level : meta-feature level                               ||
||              Paired-end : no                                               ||
||      Multimapping reads : not counted                                      ||
|| Multi-overlapping reads : not counted                                      ||
||   Min overlapping bases : 1                                                ||
||                                                                            ||
\\============================================================================//

//================================= Running ==================================\\
||                                                                            ||
|| Load annotation file genome.gtf ...                                        ||
||    Features : 20                                                           ||
||    Meta-features : 7                                                       ||
||    Chromosomes/contigs : 1                                                 ||
||                                                                            ||
|| Process BAM file test.paired_end.sorted.bam...                             ||
||    WARNING: Paired-end reads were found.                                   ||
||    Total alignments : 5647                                                 ||
||    Successfully assigned alignments : 0 (0.0%)                             ||
||    Running time : 0.00 minutes                                             ||
||                                                                            ||
|| Write the final count table.                                               ||
|| Write the read assignment summary.                                         ||
||                                                                            ||
|| Summary of counting results can be found in file "counts.txt.summary"      ||
||                                                                            ||
\\============================================================================//

